# JRE version: Java(TM) SE Runtime Environment (8.0_161-b12) (build 1.8.0_161-b12)
# Java VM: Java HotSpot(TM) 64-Bit Server VM (25.161-b12 mixed mode linux-amd64 compressed oops)
Heap:
 PSYoungGen      total 68608K, used 43831K [0x00000000d7000000, 0x00000000db800000, 0x0000000100000000)
  eden space 63488K, 69% used [0x00000000d7000000,0x00000000d9acdcc0,0x00000000dae00000)
  from space 5120K, 0% used [0x00000000db300000,0x00000000db300000,0x00000000db800000)
  to   space 5120K, 0% used [0x00000000dae00000,0x00000000dae00000,0x00000000db300000)
 ParOldGen       total 60416K, used 10688K [0x0000000085000000, 0x0000000088b00000, 0x00000000d7000000)
  object space 60416K, 17% used [0x0000000085000000,0x0000000085a70080,0x0000000088b00000)
 Metaspace       used 21098K, capacity 21614K, committed 21888K, reserved 1069056K
  class space    used 2672K, capacity 2865K, committed 2944K, reserved 1048576K
GC Heap History (10 events):
Event: 0.939 GC heap before
{Heap before GC invocations=1 (full 0):
 PSYoungGen      total 36864K, used 31744K [0x00000000d7000000, 0x00000000d9900000, 0x0000000100000000)
  eden space 31744K, 100% used [0x00000000d7000000,0x00000000d8f00000,0x00000000d8f00000)
  from space 5120K, 0% used [0x00000000d9400000,0x00000000d9400000,0x00000000d9900000)
  to   space 5120K, 0% used [0x00000000d8f00000,0x00000000d8f00000,0x00000000d9400000)
 ParOldGen       total 84992K, used 0K [0x0000000085000000, 0x000000008a300000, 0x00000000d7000000)
  object space 84992K, 0% used [0x0000000085000000,0x0000000085000000,0x000000008a300000)
 Metaspace       used 11101K, capacity 11270K, committed 11392K, reserved 1058816K
  class space    used 1307K, capacity 1367K, committed 1408K, reserved 1048576K
Event: 0.950 GC heap after
Heap after GC invocations=1 (full 0):
 PSYoungGen      total 36864K, used 5116K [0x00000000d7000000, 0x00000000db800000, 0x0000000100000000)
  eden space 31744K, 0% used [0x00000000d7000000,0x00000000d7000000,0x00000000d8f00000)
  from space 5120K, 99% used [0x00000000d8f00000,0x00000000d93ff110,0x00000000d9400000)
  to   space 5120K, 0% used [0x00000000db300000,0x00000000db300000,0x00000000db800000)
 ParOldGen       total 84992K, used 997K [0x0000000085000000, 0x000000008a300000, 0x00000000d7000000)
  object space 84992K, 1% used [0x0000000085000000,0x00000000850f9718,0x000000008a300000)
 Metaspace       used 11101K, capacity 11270K, committed 11392K, reserved 1058816K
  class space    used 1307K, capacity 1367K, committed 1408K, reserved 1048576K
}
Event: 7.571 GC heap before
{Heap before GC invocations=2 (full 0):
 PSYoungGen      total 36864K, used 36860K [0x00000000d7000000, 0x00000000db800000, 0x0000000100000000)
  eden space 31744K, 100% used [0x00000000d7000000,0x00000000d8f00000,0x00000000d8f00000)
  from space 5120K, 99% used [0x00000000d8f00000,0x00000000d93ff110,0x00000000d9400000)
  to   space 5120K, 0% used [0x00000000db300000,0x00000000db300000,0x00000000db800000)
 ParOldGen       total 84992K, used 997K [0x0000000085000000, 0x000000008a300000, 0x00000000d7000000)
  object space 84992K, 1% used [0x0000000085000000,0x00000000850f9718,0x000000008a300000)
 Metaspace       used 16950K, capacity 17406K, committed 17664K, reserved 1064960K
  class space    used 2091K, capacity 2253K, committed 2304K, reserved 1048576K
Event: 7.593 GC heap after
Heap after GC invocations=2 (full 0):
 PSYoungGen      total 36864K, used 5095K [0x00000000d7000000, 0x00000000db800000, 0x0000000100000000)
  eden space 31744K, 0% used [0x00000000d7000000,0x00000000d7000000,0x00000000d8f00000)
  from space 5120K, 99% used [0x00000000db300000,0x00000000db7f9e58,0x00000000db800000)
  to   space 5120K, 0% used [0x00000000d8f00000,0x00000000d8f00000,0x00000000d9400000)
 ParOldGen       total 84992K, used 2960K [0x0000000085000000, 0x000000008a300000, 0x00000000d7000000)
  object space 84992K, 3% used [0x0000000085000000,0x00000000852e43e0,0x000000008a300000)
 Metaspace       used 16950K, capacity 17406K, committed 17664K, reserved 1064960K
  class space    used 2091K, capacity 2253K, committed 2304K, reserved 1048576K
}
Event: 7.908 GC heap before
{Heap before GC invocations=3 (full 0):
 PSYoungGen      total 36864K, used 32786K [0x00000000d7000000, 0x00000000db800000, 0x0000000100000000)
  eden space 31744K, 87% used [0x00000000d7000000,0x00000000d8b0ac50,0x00000000d8f00000)
  from space 5120K, 99% used [0x00000000db300000,0x00000000db7f9e58,0x00000000db800000)
  to   space 5120K, 0% used [0x00000000d8f00000,0x00000000d8f00000,0x00000000d9400000)
 ParOldGen       total 84992K, used 2960K [0x0000000085000000, 0x000000008a300000, 0x00000000d7000000)
  object space 84992K, 3% used [0x0000000085000000,0x00000000852e43e0,0x000000008a300000)
 Metaspace       used 19827K, capacity 20290K, committed 20352K, reserved 1067008K
  class space    used 2462K, capacity 2639K, committed 2688K, reserved 1048576K
Event: 7.924 GC heap after
Heap after GC invocations=3 (full 0):
 PSYoungGen      total 36864K, used 5099K [0x00000000d7000000, 0x00000000db800000, 0x0000000100000000)
  eden space 31744K, 0% used [0x00000000d7000000,0x00000000d7000000,0x00000000d8f00000)
  from space 5120K, 99% used [0x00000000d8f00000,0x00000000d93fac80,0x00000000d9400000)
  to   space 5120K, 0% used [0x00000000db300000,0x00000000db300000,0x00000000db800000)
 ParOldGen       total 84992K, used 4172K [0x0000000085000000, 0x000000008a300000, 0x00000000d7000000)
  object space 84992K, 4% used [0x0000000085000000,0x0000000085413238,0x000000008a300000)
 Metaspace       used 19827K, capacity 20290K, committed 20352K, reserved 1067008K
  class space    used 2462K, capacity 2639K, committed 2688K, reserved 1048576K
}
Event: 8.175 GC heap before
{Heap before GC invocations=4 (full 0):
 PSYoungGen      total 36864K, used 27513K [0x00000000d7000000, 0x00000000db800000, 0x0000000100000000)
  eden space 31744K, 70% used [0x00000000d7000000,0x00000000d85e3ad8,0x00000000d8f00000)
  from space 5120K, 99% used [0x00000000d8f00000,0x00000000d93fac80,0x00000000d9400000)
  to   space 5120K, 0% used [0x00000000db300000,0x00000000db300000,0x00000000db800000)
 ParOldGen       total 84992K, used 4172K [0x0000000085000000, 0x000000008a300000, 0x00000000d7000000)
  object space 84992K, 4% used [0x0000000085000000,0x0000000085413238,0x000000008a300000)
 Metaspace       used 20769K, capacity 21192K, committed 21248K, reserved 1067008K
  class space    used 2596K, capacity 2768K, committed 2816K, reserved 1048576K
Event: 8.197 GC heap after
Heap after GC invocations=4 (full 0):
 PSYoungGen      total 68608K, used 5100K [0x00000000d7000000, 0x00000000db800000, 0x0000000100000000)
  eden space 63488K, 0% used [0x00000000d7000000,0x00000000d7000000,0x00000000dae00000)
  from space 5120K, 99% used [0x00000000db300000,0x00000000db7fb058,0x00000000db800000)
  to   space 5120K, 0% used [0x00000000dae00000,0x00000000dae00000,0x00000000db300000)
 ParOldGen       total 84992K, used 20195K [0x0000000085000000, 0x000000008a300000, 0x00000000d7000000)
  object space 84992K, 23% used [0x0000000085000000,0x00000000863b8f90,0x000000008a300000)
 Metaspace       used 20769K, capacity 21192K, committed 21248K, reserved 1067008K
  class space    used 2596K, capacity 2768K, committed 2816K, reserved 1048576K
}
Event: 8.197 GC heap before
{Heap before GC invocations=5 (full 1):
 PSYoungGen      total 68608K, used 5100K [0x00000000d7000000, 0x00000000db800000, 0x0000000100000000)
  eden space 63488K, 0% used [0x00000000d7000000,0x00000000d7000000,0x00000000dae00000)
  from space 5120K, 99% used [0x00000000db300000,0x00000000db7fb058,0x00000000db800000)
  to   space 5120K, 0% used [0x00000000dae00000,0x00000000dae00000,0x00000000db300000)
 ParOldGen       total 84992K, used 20195K [0x0000000085000000, 0x000000008a300000, 0x00000000d7000000)
  object space 84992K, 23% used [0x0000000085000000,0x00000000863b8f90,0x000000008a300000)
 Metaspace       used 20769K, capacity 21192K, committed 21248K, reserved 1067008K
  class space    used 2596K, capacity 2768K, committed 2816K, reserved 1048576K
Event: 8.235 GC heap after
Heap after GC invocations=5 (full 1):
 PSYoungGen      total 68608K, used 0K [0x00000000d7000000, 0x00000000db800000, 0x0000000100000000)
  eden space 63488K, 0% used [0x00000000d7000000,0x00000000d7000000,0x00000000dae00000)
  from space 5120K, 0% used [0x00000000db300000,0x00000000db300000,0x00000000db800000)
  to   space 5120K, 0% used [0x00000000dae00000,0x00000000dae00000,0x00000000db300000)
 ParOldGen       total 60416K, used 10688K [0x0000000085000000, 0x0000000088b00000, 0x00000000d7000000)
  object space 60416K, 17% used [0x0000000085000000,0x0000000085a70080,0x0000000088b00000)
 Metaspace       used 20769K, capacity 21192K, committed 21248K, reserved 1067008K
  class space    used 2596K, capacity 2768K, committed 2816K, reserved 1048576K
}

