# JRE version: Java(TM) SE Runtime Environment (8.0_161-b12) (build 1.8.0_161-b12)
# Java VM: Java HotSpot(TM) 64-Bit Server VM (25.161-b12 mixed mode linux-amd64 compressed oops)
Heap:
 PSYoungGen      total 68608K, used 43546K [0x00000000d7000000, 0x00000000df600000, 0x0000000100000000)
  eden space 63488K, 68% used [0x00000000d7000000,0x00000000d9a869c8,0x00000000dae00000)
  from space 5120K, 0% used [0x00000000dae00000,0x00000000dae00000,0x00000000db300000)
  to   space 5120K, 0% used [0x00000000df100000,0x00000000df100000,0x00000000df600000)
 ParOldGen       total 66560K, used 12067K [0x0000000085000000, 0x0000000089100000, 0x00000000d7000000)
  object space 66560K, 18% used [0x0000000085000000,0x0000000085bc8e30,0x0000000089100000)
 Metaspace       used 21039K, capacity 21550K, committed 21888K, reserved 1069056K
  class space    used 2667K, capacity 2865K, committed 2944K, reserved 1048576K
GC Heap History (8 events):
Event: 0.986 GC heap before
{Heap before GC invocations=1 (full 0):
 PSYoungGen      total 36864K, used 31744K [0x00000000d7000000, 0x00000000d9900000, 0x0000000100000000)
  eden space 31744K, 100% used [0x00000000d7000000,0x00000000d8f00000,0x00000000d8f00000)
  from space 5120K, 0% used [0x00000000d9400000,0x00000000d9400000,0x00000000d9900000)
  to   space 5120K, 0% used [0x00000000d8f00000,0x00000000d8f00000,0x00000000d9400000)
 ParOldGen       total 84992K, used 0K [0x0000000085000000, 0x000000008a300000, 0x00000000d7000000)
  object space 84992K, 0% used [0x0000000085000000,0x0000000085000000,0x000000008a300000)
 Metaspace       used 11101K, capacity 11270K, committed 11392K, reserved 1058816K
  class space    used 1307K, capacity 1367K, committed 1408K, reserved 1048576K
Event: 1.016 GC heap after
Heap after GC invocations=1 (full 0):
 PSYoungGen      total 36864K, used 5099K [0x00000000d7000000, 0x00000000db800000, 0x0000000100000000)
  eden space 31744K, 0% used [0x00000000d7000000,0x00000000d7000000,0x00000000d8f00000)
  from space 5120K, 99% used [0x00000000d8f00000,0x00000000d93fac68,0x00000000d9400000)
  to   space 5120K, 0% used [0x00000000db300000,0x00000000db300000,0x00000000db800000)
 ParOldGen       total 84992K, used 1013K [0x0000000085000000, 0x000000008a300000, 0x00000000d7000000)
  object space 84992K, 1% used [0x0000000085000000,0x00000000850fd7e0,0x000000008a300000)
 Metaspace       used 11101K, capacity 11270K, committed 11392K, reserved 1058816K
  class space    used 1307K, capacity 1367K, committed 1408K, reserved 1048576K
}
Event: 12.578 GC heap before
{Heap before GC invocations=2 (full 0):
 PSYoungGen      total 36864K, used 36843K [0x00000000d7000000, 0x00000000db800000, 0x0000000100000000)
  eden space 31744K, 100% used [0x00000000d7000000,0x00000000d8f00000,0x00000000d8f00000)
  from space 5120K, 99% used [0x00000000d8f00000,0x00000000d93fac68,0x00000000d9400000)
  to   space 5120K, 0% used [0x00000000db300000,0x00000000db300000,0x00000000db800000)
 ParOldGen       total 84992K, used 1013K [0x0000000085000000, 0x000000008a300000, 0x00000000d7000000)
  object space 84992K, 1% used [0x0000000085000000,0x00000000850fd7e0,0x000000008a300000)
 Metaspace       used 16996K, capacity 17470K, committed 17664K, reserved 1064960K
  class space    used 2093K, capacity 2253K, committed 2304K, reserved 1048576K
Event: 12.590 GC heap after
Heap after GC invocations=2 (full 0):
 PSYoungGen      total 68608K, used 5111K [0x00000000d7000000, 0x00000000db800000, 0x0000000100000000)
  eden space 63488K, 0% used [0x00000000d7000000,0x00000000d7000000,0x00000000dae00000)
  from space 5120K, 99% used [0x00000000db300000,0x00000000db7fde48,0x00000000db800000)
  to   space 5120K, 0% used [0x00000000dae00000,0x00000000dae00000,0x00000000db300000)
 ParOldGen       total 84992K, used 3069K [0x0000000085000000, 0x000000008a300000, 0x00000000d7000000)
  object space 84992K, 3% used [0x0000000085000000,0x00000000852ff5e0,0x000000008a300000)
 Metaspace       used 16996K, capacity 17470K, committed 17664K, reserved 1064960K
  class space    used 2093K, capacity 2253K, committed 2304K, reserved 1048576K
}
Event: 13.298 GC heap before
{Heap before GC invocations=3 (full 0):
 PSYoungGen      total 68608K, used 56056K [0x00000000d7000000, 0x00000000db800000, 0x0000000100000000)
  eden space 63488K, 80% used [0x00000000d7000000,0x00000000da1c01b8,0x00000000dae00000)
  from space 5120K, 99% used [0x00000000db300000,0x00000000db7fde48,0x00000000db800000)
  to   space 5120K, 0% used [0x00000000dae00000,0x00000000dae00000,0x00000000db300000)
 ParOldGen       total 84992K, used 3069K [0x0000000085000000, 0x000000008a300000, 0x00000000d7000000)
  object space 84992K, 3% used [0x0000000085000000,0x00000000852ff5e0,0x000000008a300000)
 Metaspace       used 20713K, capacity 21192K, committed 21248K, reserved 1067008K
  class space    used 2592K, capacity 2768K, committed 2816K, reserved 1048576K
Event: 13.330 GC heap after
Heap after GC invocations=3 (full 0):
 PSYoungGen      total 68608K, used 5112K [0x00000000d7000000, 0x00000000df600000, 0x0000000100000000)
  eden space 63488K, 0% used [0x00000000d7000000,0x00000000d7000000,0x00000000dae00000)
  from space 5120K, 99% used [0x00000000dae00000,0x00000000db2fe370,0x00000000db300000)
  to   space 5120K, 0% used [0x00000000df100000,0x00000000df100000,0x00000000df600000)
 ParOldGen       total 84992K, used 20486K [0x0000000085000000, 0x000000008a300000, 0x00000000d7000000)
  object space 84992K, 24% used [0x0000000085000000,0x00000000864019a0,0x000000008a300000)
 Metaspace       used 20713K, capacity 21192K, committed 21248K, reserved 1067008K
  class space    used 2592K, capacity 2768K, committed 2816K, reserved 1048576K
}
Event: 13.330 GC heap before
{Heap before GC invocations=4 (full 1):
 PSYoungGen      total 68608K, used 5112K [0x00000000d7000000, 0x00000000df600000, 0x0000000100000000)
  eden space 63488K, 0% used [0x00000000d7000000,0x00000000d7000000,0x00000000dae00000)
  from space 5120K, 99% used [0x00000000dae00000,0x00000000db2fe370,0x00000000db300000)
  to   space 5120K, 0% used [0x00000000df100000,0x00000000df100000,0x00000000df600000)
 ParOldGen       total 84992K, used 20486K [0x0000000085000000, 0x000000008a300000, 0x00000000d7000000)
  object space 84992K, 24% used [0x0000000085000000,0x00000000864019a0,0x000000008a300000)
 Metaspace       used 20713K, capacity 21192K, committed 21248K, reserved 1067008K
  class space    used 2592K, capacity 2768K, committed 2816K, reserved 1048576K
Event: 13.380 GC heap after
Heap after GC invocations=4 (full 1):
 PSYoungGen      total 68608K, used 0K [0x00000000d7000000, 0x00000000df600000, 0x0000000100000000)
  eden space 63488K, 0% used [0x00000000d7000000,0x00000000d7000000,0x00000000dae00000)
  from space 5120K, 0% used [0x00000000dae00000,0x00000000dae00000,0x00000000db300000)
  to   space 5120K, 0% used [0x00000000df100000,0x00000000df100000,0x00000000df600000)
 ParOldGen       total 66560K, used 12067K [0x0000000085000000, 0x0000000089100000, 0x00000000d7000000)
  object space 66560K, 18% used [0x0000000085000000,0x0000000085bc8e30,0x0000000089100000)
 Metaspace       used 20713K, capacity 21192K, committed 21248K, reserved 1067008K
  class space    used 2592K, capacity 2768K, committed 2816K, reserved 1048576K
}

