# JRE version: Java(TM) SE Runtime Environment (8.0_161-b12) (build 1.8.0_161-b12)
# Java VM: Java HotSpot(TM) 64-Bit Server VM (25.161-b12 mixed mode linux-amd64 compressed oops)
Heap:
 PSYoungGen      total 36864K, used 17466K [0x00000000d7000000, 0x00000000dcf00000, 0x0000000100000000)
  eden space 31744K, 40% used [0x00000000d7000000,0x00000000d7c988a8,0x00000000d8f00000)
  from space 5120K, 89% used [0x00000000d8f00000,0x00000000d9375fc8,0x00000000d9400000)
  to   space 18944K, 0% used [0x00000000dbc80000,0x00000000dbc80000,0x00000000dcf00000)
 ParOldGen       total 62464K, used 26286K [0x0000000085000000, 0x0000000088d00000, 0x00000000d7000000)
  object space 62464K, 42% used [0x0000000085000000,0x00000000869ab970,0x0000000088d00000)
 Metaspace       used 21026K, capacity 21550K, committed 21888K, reserved 1069056K
  class space    used 2667K, capacity 2865K, committed 2944K, reserved 1048576K
GC Heap History (10 events):
Event: 7.390 GC heap before
{Heap before GC invocations=2 (full 0):
 PSYoungGen      total 36864K, used 36833K [0x00000000d7000000, 0x00000000d9900000, 0x0000000100000000)
  eden space 31744K, 100% used [0x00000000d7000000,0x00000000d8f00000,0x00000000d8f00000)
  from space 5120K, 99% used [0x00000000d8f00000,0x00000000d93f8728,0x00000000d9400000)
  to   space 5120K, 0% used [0x00000000d9400000,0x00000000d9400000,0x00000000d9900000)
 ParOldGen       total 84992K, used 984K [0x0000000085000000, 0x000000008a300000, 0x00000000d7000000)
  object space 84992K, 1% used [0x0000000085000000,0x00000000850f63d0,0x000000008a300000)
 Metaspace       used 16982K, capacity 17406K, committed 17664K, reserved 1064960K
  class space    used 2093K, capacity 2253K, committed 2304K, reserved 1048576K
Event: 7.399 GC heap after
Heap after GC invocations=2 (full 0):
 PSYoungGen      total 36864K, used 5111K [0x00000000d7000000, 0x00000000d9900000, 0x0000000100000000)
  eden space 31744K, 0% used [0x00000000d7000000,0x00000000d7000000,0x00000000d8f00000)
  from space 5120K, 99% used [0x00000000d9400000,0x00000000d98fde68,0x00000000d9900000)
  to   space 5120K, 0% used [0x00000000d8f00000,0x00000000d8f00000,0x00000000d9400000)
 ParOldGen       total 84992K, used 3017K [0x0000000085000000, 0x000000008a300000, 0x00000000d7000000)
  object space 84992K, 3% used [0x0000000085000000,0x00000000852f2560,0x000000008a300000)
 Metaspace       used 16982K, capacity 17406K, committed 17664K, reserved 1064960K
  class space    used 2093K, capacity 2253K, committed 2304K, reserved 1048576K
}
Event: 7.713 GC heap before
{Heap before GC invocations=3 (full 0):
 PSYoungGen      total 36864K, used 32732K [0x00000000d7000000, 0x00000000d9900000, 0x0000000100000000)
  eden space 31744K, 87% used [0x00000000d7000000,0x00000000d8af9468,0x00000000d8f00000)
  from space 5120K, 99% used [0x00000000d9400000,0x00000000d98fde68,0x00000000d9900000)
  to   space 5120K, 0% used [0x00000000d8f00000,0x00000000d8f00000,0x00000000d9400000)
 ParOldGen       total 84992K, used 3017K [0x0000000085000000, 0x000000008a300000, 0x00000000d7000000)
  object space 84992K, 3% used [0x0000000085000000,0x00000000852f2560,0x000000008a300000)
 Metaspace       used 19678K, capacity 20194K, committed 20352K, reserved 1067008K
  class space    used 2446K, capacity 2607K, committed 2688K, reserved 1048576K
Event: 7.720 GC heap after
Heap after GC invocations=3 (full 0):
 PSYoungGen      total 36864K, used 5089K [0x00000000d7000000, 0x00000000d9900000, 0x0000000100000000)
  eden space 31744K, 0% used [0x00000000d7000000,0x00000000d7000000,0x00000000d8f00000)
  from space 5120K, 99% used [0x00000000d8f00000,0x00000000d93f8548,0x00000000d9400000)
  to   space 5120K, 0% used [0x00000000d9400000,0x00000000d9400000,0x00000000d9900000)
 ParOldGen       total 84992K, used 4164K [0x0000000085000000, 0x000000008a300000, 0x00000000d7000000)
  object space 84992K, 4% used [0x0000000085000000,0x00000000854110a8,0x000000008a300000)
 Metaspace       used 19678K, capacity 20194K, committed 20352K, reserved 1067008K
  class space    used 2446K, capacity 2607K, committed 2688K, reserved 1048576K
}
Event: 7.971 GC heap before
{Heap before GC invocations=4 (full 0):
 PSYoungGen      total 36864K, used 28249K [0x00000000d7000000, 0x00000000d9900000, 0x0000000100000000)
  eden space 31744K, 72% used [0x00000000d7000000,0x00000000d869e138,0x00000000d8f00000)
  from space 5120K, 99% used [0x00000000d8f00000,0x00000000d93f8548,0x00000000d9400000)
  to   space 5120K, 0% used [0x00000000d9400000,0x00000000d9400000,0x00000000d9900000)
 ParOldGen       total 84992K, used 4164K [0x0000000085000000, 0x000000008a300000, 0x00000000d7000000)
  object space 84992K, 4% used [0x0000000085000000,0x00000000854110a8,0x000000008a300000)
 Metaspace       used 20720K, capacity 21192K, committed 21248K, reserved 1067008K
  class space    used 2592K, capacity 2768K, committed 2816K, reserved 1048576K
Event: 7.988 GC heap after
Heap after GC invocations=4 (full 0):
 PSYoungGen      total 36864K, used 5089K [0x00000000d7000000, 0x00000000db800000, 0x0000000100000000)
  eden space 31744K, 0% used [0x00000000d7000000,0x00000000d7000000,0x00000000d8f00000)
  from space 5120K, 99% used [0x00000000d9400000,0x00000000d98f85a0,0x00000000d9900000)
  to   space 5120K, 0% used [0x00000000d8f00000,0x00000000d8f00000,0x00000000d9400000)
 ParOldGen       total 84992K, used 20250K [0x0000000085000000, 0x000000008a300000, 0x00000000d7000000)
  object space 84992K, 23% used [0x0000000085000000,0x00000000863c68b8,0x000000008a300000)
 Metaspace       used 20720K, capacity 21192K, committed 21248K, reserved 1067008K
  class space    used 2592K, capacity 2768K, committed 2816K, reserved 1048576K
}
Event: 7.988 GC heap before
{Heap before GC invocations=5 (full 1):
 PSYoungGen      total 36864K, used 5089K [0x00000000d7000000, 0x00000000db800000, 0x0000000100000000)
  eden space 31744K, 0% used [0x00000000d7000000,0x00000000d7000000,0x00000000d8f00000)
  from space 5120K, 99% used [0x00000000d9400000,0x00000000d98f85a0,0x00000000d9900000)
  to   space 5120K, 0% used [0x00000000d8f00000,0x00000000d8f00000,0x00000000d9400000)
 ParOldGen       total 84992K, used 20250K [0x0000000085000000, 0x000000008a300000, 0x00000000d7000000)
  object space 84992K, 23% used [0x0000000085000000,0x00000000863c68b8,0x000000008a300000)
 Metaspace       used 20720K, capacity 21192K, committed 21248K, reserved 1067008K
  class space    used 2592K, capacity 2768K, committed 2816K, reserved 1048576K
Event: 8.026 GC heap after
Heap after GC invocations=5 (full 1):
 PSYoungGen      total 36864K, used 0K [0x00000000d7000000, 0x00000000db800000, 0x0000000100000000)
  eden space 31744K, 0% used [0x00000000d7000000,0x00000000d7000000,0x00000000d8f00000)
  from space 5120K, 0% used [0x00000000d9400000,0x00000000d9400000,0x00000000d9900000)
  to   space 5120K, 0% used [0x00000000d8f00000,0x00000000d8f00000,0x00000000d9400000)
 ParOldGen       total 62464K, used 10781K [0x0000000085000000, 0x0000000088d00000, 0x00000000d7000000)
  object space 62464K, 17% used [0x0000000085000000,0x0000000085a875e0,0x0000000088d00000)
 Metaspace       used 20720K, capacity 21192K, committed 21248K, reserved 1067008K
  class space    used 2592K, capacity 2768K, committed 2816K, reserved 1048576K
}
Event: 8.175 GC heap before
{Heap before GC invocations=6 (full 1):
 PSYoungGen      total 36864K, used 30002K [0x00000000d7000000, 0x00000000db800000, 0x0000000100000000)
  eden space 31744K, 94% used [0x00000000d7000000,0x00000000d8d4cb10,0x00000000d8f00000)
  from space 5120K, 0% used [0x00000000d9400000,0x00000000d9400000,0x00000000d9900000)
  to   space 5120K, 0% used [0x00000000d8f00000,0x00000000d8f00000,0x00000000d9400000)
 ParOldGen       total 62464K, used 10781K [0x0000000085000000, 0x0000000088d00000, 0x00000000d7000000)
  object space 62464K, 17% used [0x0000000085000000,0x0000000085a875e0,0x0000000088d00000)
 Metaspace       used 21000K, capacity 21544K, committed 21632K, reserved 1069056K
  class space    used 2665K, capacity 2864K, committed 2944K, reserved 1048576K
Event: 8.184 GC heap after
Heap after GC invocations=6 (full 1):
 PSYoungGen      total 36864K, used 4567K [0x00000000d7000000, 0x00000000dcf00000, 0x0000000100000000)
  eden space 31744K, 0% used [0x00000000d7000000,0x00000000d7000000,0x00000000d8f00000)
  from space 5120K, 89% used [0x00000000d8f00000,0x00000000d9375fc8,0x00000000d9400000)
  to   space 18944K, 0% used [0x00000000dbc80000,0x00000000dbc80000,0x00000000dcf00000)
 ParOldGen       total 62464K, used 26286K [0x0000000085000000, 0x0000000088d00000, 0x00000000d7000000)
  object space 62464K, 42% used [0x0000000085000000,0x00000000869ab970,0x0000000088d00000)
 Metaspace       used 21000K, capacity 21544K, committed 21632K, reserved 1069056K
  class space    used 2665K, capacity 2864K, committed 2944K, reserved 1048576K
}

