<?xml version="1.0" encoding="UTF-8"?>
<!-- Generated by org.testng.reporters.JUnitXMLReporter -->
<testsuite hostname="DESKTOP-PO91V4R" ignored="2" name="Test" tests="2" failures="0" timestamp="14 Sep 2018 07:17:42 GMT" time="15.795" errors="0">
  <testcase name="testDemo1" time="2.208" classname="extent_reports.Demo4"/>
  <testcase name="testDemo1" time="6.548" classname="extent_reports.Demo3"/>
  <testcase name="@BeforeSuite reportsRe" time="0.0" classname="extent_reports.ExtentBase_3">
    <ignored/>
  </testcase> <!-- @BeforeSuite reportsRe -->
  <testcase name="@AfterTest endReport" time="0.0" classname="extent_reports.ExtentBase_3">
    <ignored/>
  </testcase> <!-- @AfterTest endReport -->
</testsuite> <!-- Test -->
