<?xml version="1.0" encoding="UTF-8"?>
<!-- Generated by org.testng.reporters.JUnitXMLReporter -->
<testsuite hostname="DESKTOP-PO91V4R" ignored="0" name="Default test" tests="3" failures="0" timestamp="22 Feb 2019 12:25:44 GMT" time="1.476" errors="0">
  <testcase name="testM" time="0.016" classname="googlesheets.GSheetTest"/>
  <testcase name="testM" time="0.0" classname="googlesheets.GSheetTest"/>
  <testcase name="testM" time="0.015" classname="googlesheets.GSheetTest"/>
</testsuite> <!-- Default test -->
