<?xml version="1.0" encoding="UTF-8"?>
<!-- Generated by org.testng.reporters.JUnitXMLReporter -->
<testsuite hostname="rakesh" ignored="0" name="FirstTest" tests="1" failures="1" timestamp="22 Jun 2018 06:52:16 GMT" time="9.393" errors="0">
  <testcase name="setUp" time="9.344" classname="com.maven.sample.Practice2">
    <failure type="java.lang.AssertionError" message="expected [Troop CRMv] but found [Troop CRM]">
      <![CDATA[java.lang.AssertionError: expected [Troop CRMv] but found [Troop CRM]
at com.maven.sample.Practice2.setUp(Practice2.java:31)
... Removed 31 stack frames]]>
    </failure>
  </testcase> <!-- setUp -->
</testsuite> <!-- FirstTest -->
