<?xml version="1.0" encoding="UTF-8"?>
<!-- Generated by org.testng.reporters.JUnitXMLReporter -->
<testsuite hostname="rakesh" ignored="0" name="Test" tests="1" failures="1" timestamp="24 May 2018 13:15:52 GMT" time="0.039" errors="0">
  <testcase name="test" time="0.014" classname="extent_reports.Naukri_Window_Handles">
    <failure type="java.lang.NullPointerException">
      <![CDATA[java.lang.NullPointerException
at extent_reports.Naukri_Window_Handles.test(Naukri_Window_Handles.java:69)
... Removed 25 stack frames]]>
    </failure>
  </testcase> <!-- test -->
</testsuite> <!-- Test -->
