<?xml version="1.0" encoding="UTF-8"?>
<!-- Generated by org.testng.reporters.JUnitXMLReporter -->
<testsuite hostname="DESKTOP-PO91V4R" ignored="2" name="Test" tests="2" failures="0" timestamp="14 Sep 2018 07:17:26 GMT" time="17.058" errors="0">
  <testcase name="testDemo1" time="1.666" classname="extent_reports.Demo2"/>
  <testcase name="testDemo1" time="6.307" classname="extent_reports.Demo1"/>
  <testcase name="@BeforeSuite reportsRe" time="0.0" classname="extent_reports.ExtentBase_3">
    <ignored/>
  </testcase> <!-- @BeforeSuite reportsRe -->
  <testcase name="@AfterTest endReport" time="0.0" classname="extent_reports.ExtentBase_3">
    <ignored/>
  </testcase> <!-- @AfterTest endReport -->
</testsuite> <!-- Test -->
