<?xml version="1.0" encoding="UTF-8"?>
<testng-results skipped="0" failed="0" ignored="0" total="1" passed="1">
  <reporter-output>
  </reporter-output>
  <suite name="Default suite" duration-ms="742" started-at="2018-06-26T13:29:44Z" finished-at="2018-06-26T13:29:45Z">
    <groups>
    </groups>
    <test name="Default test" duration-ms="742" started-at="2018-06-26T13:29:44Z" finished-at="2018-06-26T13:29:45Z">
      <class name="com.maven.sample.Practice1">
        <test-method status="PASS" signature="randomNumber()[pri:0, instance:com.maven.sample.Practice1@24a35978]" name="randomNumber" duration-ms="717" started-at="2018-06-26T13:29:44Z" finished-at="2018-06-26T13:29:45Z">
          <reporter-output>
          </reporter-output>
        </test-method> <!-- randomNumber -->
      </class> <!-- com.maven.sample.Practice1 -->
    </test> <!-- Default test -->
  </suite> <!-- Default suite -->
</testng-results>
