<?xml version="1.0" encoding="UTF-8"?>
<testng-results skipped="0" failed="0" ignored="0" total="2" passed="2">
  <reporter-output>
  </reporter-output>
  <suite name="Default suite" duration-ms="36070" started-at="2018-04-20T15:37:00Z" finished-at="2018-04-20T15:37:36Z">
    <groups>
    </groups>
    <test name="Default test" duration-ms="36070" started-at="2018-04-20T15:37:00Z" finished-at="2018-04-20T15:37:36Z">
      <class name="com.maven.sample.Beehomes_sub">
        <test-method status="PASS" signature="testBase()[pri:0, instance:com.maven.sample.Beehomes_sub@8646db9]" name="testBase" duration-ms="13489" started-at="2018-04-20T15:37:00Z" finished-at="2018-04-20T15:37:13Z">
          <reporter-output>
          </reporter-output>
        </test-method> <!-- testBase -->
        <test-method status="PASS" signature="use()[pri:0, instance:com.maven.sample.Beehomes_sub@8646db9]" name="use" duration-ms="22529" started-at="2018-04-20T15:37:13Z" finished-at="2018-04-20T15:37:36Z">
          <reporter-output>
          </reporter-output>
        </test-method> <!-- use -->
      </class> <!-- com.maven.sample.Beehomes_sub -->
    </test> <!-- Default test -->
  </suite> <!-- Default suite -->
</testng-results>
