<?xml version="1.0" encoding="UTF-8"?>
<testng-results skipped="0" failed="0" ignored="0" total="1" passed="1">
  <reporter-output>
  </reporter-output>
  <suite name="Default suite" duration-ms="38" started-at="2018-04-27T11:58:46Z" finished-at="2018-04-27T11:58:46Z">
    <groups>
    </groups>
    <test name="Default test" duration-ms="38" started-at="2018-04-27T11:58:46Z" finished-at="2018-04-27T11:58:46Z">
      <class name="com.maven.sample.Practice3">
        <test-method status="PASS" signature="test()[pri:0, instance:com.maven.sample.Practice3@8646db9]" name="test" duration-ms="12" started-at="2018-04-27T11:58:46Z" finished-at="2018-04-27T11:58:46Z">
          <reporter-output>
          </reporter-output>
        </test-method> <!-- test -->
      </class> <!-- com.maven.sample.Practice3 -->
    </test> <!-- Default test -->
  </suite> <!-- Default suite -->
</testng-results>
