<?xml version="1.0" encoding="UTF-8"?>
<testng-results skipped="0" failed="0" ignored="0" total="1" passed="1">
  <reporter-output>
  </reporter-output>
  <suite name="Default suite" duration-ms="42" started-at="2018-05-02T06:48:12Z" finished-at="2018-05-02T06:48:13Z">
    <groups>
    </groups>
    <test name="Default test" duration-ms="42" started-at="2018-05-02T06:48:12Z" finished-at="2018-05-02T06:48:13Z">
      <class name="com.maven.sample.Practice3">
        <test-method status="PASS" signature="demo()[pri:0, instance:com.maven.sample.Practice3@8646db9]" name="demo" duration-ms="10" started-at="2018-05-02T06:48:13Z" finished-at="2018-05-02T06:48:13Z">
          <reporter-output>
          </reporter-output>
        </test-method> <!-- demo -->
      </class> <!-- com.maven.sample.Practice3 -->
    </test> <!-- Default test -->
  </suite> <!-- Default suite -->
</testng-results>
