<?xml version="1.0" encoding="UTF-8"?>
<testng-results skipped="0" failed="0" total="1" passed="1">
  <reporter-output>
  </reporter-output>
  <suite name="Default suite" duration-ms="1598" started-at="2019-08-22T12:34:58Z" finished-at="2019-08-22T12:34:59Z">
    <groups>
    </groups>
    <test name="Default test" duration-ms="1598" started-at="2019-08-22T12:34:58Z" finished-at="2019-08-22T12:34:59Z">
      <class name="demo.CompareExcelWithDB">
        <test-method status="PASS" signature="testCompareExcelWithDB()[pri:0, instance:demo.CompareExcelWithDB@5f2050f6]" name="testCompareExcelWithDB" duration-ms="1567" started-at="2019-08-22T18:04:58Z" finished-at="2019-08-22T18:04:59Z">
          <reporter-output>
          </reporter-output>
        </test-method> <!-- testCompareExcelWithDB -->
      </class> <!-- demo.CompareExcelWithDB -->
    </test> <!-- Default test -->
  </suite> <!-- Default suite -->
</testng-results>
