<?xml version="1.0" encoding="UTF-8"?>
<testng-results skipped="0" failed="0" ignored="0" total="2" passed="2">
  <reporter-output>
  </reporter-output>
  <suite name="Default suite" duration-ms="45" started-at="2018-04-26T10:20:25Z" finished-at="2018-04-26T10:20:25Z">
    <groups>
    </groups>
    <test name="Default test" duration-ms="45" started-at="2018-04-26T10:20:25Z" finished-at="2018-04-26T10:20:25Z">
      <class name="com.maven.sample.Practice3">
        <test-method status="PASS" signature="beforeTest()[pri:0, instance:com.maven.sample.Practice3@7a30d1e6]" name="beforeTest" is-config="true" duration-ms="11" started-at="2018-04-26T10:20:25Z" finished-at="2018-04-26T10:20:25Z">
          <reporter-output>
          </reporter-output>
        </test-method> <!-- beforeTest -->
        <test-method status="PASS" signature="beforeClass()[pri:0, instance:com.maven.sample.Practice3@7a30d1e6]" name="beforeClass" is-config="true" duration-ms="0" started-at="2018-04-26T10:20:25Z" finished-at="2018-04-26T10:20:25Z">
          <reporter-output>
          </reporter-output>
        </test-method> <!-- beforeClass -->
        <test-method status="PASS" signature="testCase1()[pri:0, instance:com.maven.sample.Practice3@7a30d1e6]" name="testCase1" duration-ms="6" started-at="2018-04-26T10:20:25Z" finished-at="2018-04-26T10:20:25Z">
          <reporter-output>
          </reporter-output>
        </test-method> <!-- testCase1 -->
        <test-method status="PASS" signature="testCase2()[pri:0, instance:com.maven.sample.Practice3@7a30d1e6]" name="testCase2" duration-ms="2" started-at="2018-04-26T10:20:25Z" finished-at="2018-04-26T10:20:25Z">
          <reporter-output>
          </reporter-output>
        </test-method> <!-- testCase2 -->
        <test-method status="PASS" signature="afterClass()[pri:0, instance:com.maven.sample.Practice3@7a30d1e6]" name="afterClass" is-config="true" duration-ms="0" started-at="2018-04-26T10:20:25Z" finished-at="2018-04-26T10:20:25Z">
          <reporter-output>
          </reporter-output>
        </test-method> <!-- afterClass -->
        <test-method status="PASS" signature="afterTest()[pri:0, instance:com.maven.sample.Practice3@7a30d1e6]" name="afterTest" is-config="true" duration-ms="0" started-at="2018-04-26T10:20:25Z" finished-at="2018-04-26T10:20:25Z">
          <reporter-output>
          </reporter-output>
        </test-method> <!-- afterTest -->
      </class> <!-- com.maven.sample.Practice3 -->
    </test> <!-- Default test -->
  </suite> <!-- Default suite -->
</testng-results>
