<?xml version="1.0" encoding="UTF-8"?>
<testng-results skipped="0" failed="0" ignored="0" total="1" passed="1">
  <reporter-output>
  </reporter-output>
  <suite name="Default suite" duration-ms="3271" started-at="2018-06-04T13:40:17Z" finished-at="2018-06-04T13:40:20Z">
    <groups>
    </groups>
    <test name="Default test" duration-ms="3271" started-at="2018-06-04T13:40:17Z" finished-at="2018-06-04T13:40:20Z">
      <class name="com.maven.sample.Practice1">
        <test-method status="PASS" signature="testSeleniumBase()[pri:0, instance:com.maven.sample.Practice1@7403c468]" name="testSeleniumBase" is-config="true" duration-ms="3213" started-at="2018-06-04T13:40:17Z" finished-at="2018-06-04T13:40:20Z">
          <reporter-output>
          </reporter-output>
        </test-method> <!-- testSeleniumBase -->
        <test-method status="PASS" signature="demo()[pri:0, instance:com.maven.sample.Practice1@7403c468]" name="demo" duration-ms="13" started-at="2018-06-04T13:40:20Z" finished-at="2018-06-04T13:40:20Z">
          <reporter-output>
          </reporter-output>
        </test-method> <!-- demo -->
      </class> <!-- com.maven.sample.Practice1 -->
    </test> <!-- Default test -->
  </suite> <!-- Default suite -->
</testng-results>
