<?xml version="1.0" encoding="UTF-8"?>
<testng-results skipped="0" failed="0" ignored="0" total="1" passed="1">
  <reporter-output>
  </reporter-output>
  <suite name="Default suite" duration-ms="41059" started-at="2018-04-17T13:01:22Z" finished-at="2018-04-17T13:02:03Z">
    <groups>
    </groups>
    <test name="Default test" duration-ms="41059" started-at="2018-04-17T13:01:22Z" finished-at="2018-04-17T13:02:03Z">
      <class name="troop.Reject">
        <test-method status="PASS" signature="testSeleniumBase()[pri:0, instance:troop.Reject@192d3247]" name="testSeleniumBase" is-config="true" duration-ms="1668" started-at="2018-04-17T13:01:22Z" finished-at="2018-04-17T13:01:23Z">
          <reporter-output>
          </reporter-output>
        </test-method> <!-- testSeleniumBase -->
        <test-method status="PASS" signature="testReject()[pri:0, instance:troop.Reject@192d3247]" name="testReject" duration-ms="36370" started-at="2018-04-17T13:01:23Z" finished-at="2018-04-17T13:02:00Z">
          <reporter-output>
          </reporter-output>
        </test-method> <!-- testReject -->
        <test-method status="PASS" signature="afterTest()[pri:0, instance:troop.Reject@192d3247]" name="afterTest" is-config="true" duration-ms="3001" started-at="2018-04-17T13:02:00Z" finished-at="2018-04-17T13:02:03Z">
          <reporter-output>
          </reporter-output>
        </test-method> <!-- afterTest -->
      </class> <!-- troop.Reject -->
    </test> <!-- Default test -->
  </suite> <!-- Default suite -->
</testng-results>
