<?xml version="1.0" encoding="UTF-8"?>
<testng-results skipped="0" failed="0" total="1" passed="1">
  <reporter-output>
  </reporter-output>
  <suite name="Default suite" duration-ms="77" started-at="2019-07-26T05:47:36Z" finished-at="2019-07-26T05:47:36Z">
    <groups>
    </groups>
    <test name="Default test" duration-ms="77" started-at="2019-07-26T05:47:36Z" finished-at="2019-07-26T05:47:36Z">
      <class name="com.maven.sample.Practice1">
        <test-method status="PASS" signature="rakesh()[pri:0, instance:com.maven.sample.Practice1@21bcffb5]" name="rakesh" duration-ms="26" started-at="2019-07-26T11:17:36Z" finished-at="2019-07-26T11:17:36Z">
          <reporter-output>
          </reporter-output>
        </test-method> <!-- rakesh -->
      </class> <!-- com.maven.sample.Practice1 -->
    </test> <!-- Default test -->
  </suite> <!-- Default suite -->
</testng-results>
