<?xml version="1.0" encoding="UTF-8"?>
<testng-results skipped="0" failed="0" ignored="0" total="1" passed="1">
  <reporter-output>
  </reporter-output>
  <suite name="Default suite" duration-ms="65" started-at="2018-09-14T12:06:08Z" finished-at="2018-09-14T12:06:08Z">
    <groups>
    </groups>
    <test name="Default test" duration-ms="65" started-at="2018-09-14T12:06:08Z" finished-at="2018-09-14T12:06:08Z">
      <class name="com.maven.sample.Practice1">
        <test-method status="PASS" signature="testDemo()[pri:0, instance:com.maven.sample.Practice1@3578436e]" name="testDemo" duration-ms="18" started-at="2018-09-14T12:06:08Z" finished-at="2018-09-14T12:06:08Z">
          <reporter-output>
          </reporter-output>
        </test-method> <!-- testDemo -->
      </class> <!-- com.maven.sample.Practice1 -->
    </test> <!-- Default test -->
  </suite> <!-- Default suite -->
</testng-results>
