<?xml version="1.0" encoding="UTF-8"?>
<testng-results skipped="0" failed="0" total="1" passed="1">
  <reporter-output>
  </reporter-output>
  <suite name="Default suite" duration-ms="297" started-at="2019-08-26T06:21:25Z" finished-at="2019-08-26T06:21:25Z">
    <groups>
    </groups>
    <test name="Default test" duration-ms="297" started-at="2019-08-26T06:21:25Z" finished-at="2019-08-26T06:21:25Z">
      <class name="merchant.CompareMerchantData">
        <test-method status="PASS" signature="testCompareMerchantData()[pri:0, instance:merchant.CompareMerchantData@47eaca72]" name="testCompareMerchantData" duration-ms="265" started-at="2019-08-26T11:51:25Z" finished-at="2019-08-26T11:51:25Z">
          <reporter-output>
          </reporter-output>
        </test-method> <!-- testCompareMerchantData -->
      </class> <!-- merchant.CompareMerchantData -->
    </test> <!-- Default test -->
  </suite> <!-- Default suite -->
</testng-results>
