<?xml version="1.0" encoding="UTF-8"?>
<testng-results skipped="0" failed="0" ignored="0" total="1" passed="1">
  <reporter-output>
  </reporter-output>
  <suite name="Suite" duration-ms="7423" started-at="2018-04-13T08:55:46Z" finished-at="2018-04-13T08:55:53Z">
    <groups>
    </groups>
    <test name="Test" duration-ms="7423" started-at="2018-04-13T08:55:46Z" finished-at="2018-04-13T08:55:53Z">
      <class name="extent.Naukri_Window_Handles">
        <test-method status="PASS" signature="closeNaukriWindows()[pri:0, instance:extent.Naukri_Window_Handles@757942a1]" name="closeNaukriWindows" duration-ms="7388" started-at="2018-04-13T08:55:46Z" finished-at="2018-04-13T08:55:53Z">
          <reporter-output>
          </reporter-output>
        </test-method> <!-- closeNaukriWindows -->
      </class> <!-- extent.Naukri_Window_Handles -->
    </test> <!-- Test -->
  </suite> <!-- Suite -->
</testng-results>
