<?xml version="1.0" encoding="UTF-8"?>
<testng-results skipped="0" failed="0" ignored="0" total="1" passed="1">
  <reporter-output>
  </reporter-output>
  <suite name="Default suite" duration-ms="77641" started-at="2018-08-04T05:41:52Z" finished-at="2018-08-04T05:43:09Z">
    <groups>
    </groups>
    <test name="Default test" duration-ms="77641" started-at="2018-08-04T05:41:52Z" finished-at="2018-08-04T05:43:09Z">
      <class name="appium.AppiumBase">
        <test-method status="PASS" signature="aTestBase()[pri:0, instance:appium.AppiumBase@7e0e6aa2]" name="aTestBase" duration-ms="77608" started-at="2018-08-04T05:41:52Z" finished-at="2018-08-04T05:43:09Z">
          <reporter-output>
          </reporter-output>
        </test-method> <!-- aTestBase -->
      </class> <!-- appium.AppiumBase -->
    </test> <!-- Default test -->
  </suite> <!-- Default suite -->
</testng-results>
