<?xml version="1.0" encoding="UTF-8"?>
<testng-results skipped="0" failed="0" ignored="0" total="1" passed="1">
  <reporter-output>
  </reporter-output>
  <suite name="Default suite" duration-ms="8448" started-at="2018-04-03T09:50:30Z" finished-at="2018-04-03T09:50:39Z">
    <groups>
    </groups>
    <test name="Default test" duration-ms="8448" started-at="2018-04-03T09:50:30Z" finished-at="2018-04-03T09:50:39Z">
      <class name="com.maven.sample.SeleniumBase">
        <test-method status="PASS" signature="testSeleniumBase()[pri:0, instance:com.maven.sample.SeleniumBase@6a1aab78]" name="testSeleniumBase" is-config="true" duration-ms="8259" started-at="2018-04-03T09:50:30Z" finished-at="2018-04-03T09:50:39Z">
          <reporter-output>
          </reporter-output>
        </test-method> <!-- testSeleniumBase -->
        <test-method status="PASS" signature="run()[pri:0, instance:com.maven.sample.SeleniumBase@6a1aab78]" name="run" duration-ms="11" started-at="2018-04-03T09:50:39Z" finished-at="2018-04-03T09:50:39Z">
          <reporter-output>
          </reporter-output>
        </test-method> <!-- run -->
        <test-method status="PASS" signature="afterTest()[pri:0, instance:com.maven.sample.SeleniumBase@6a1aab78]" name="afterTest" is-config="true" duration-ms="137" started-at="2018-04-03T09:50:39Z" finished-at="2018-04-03T09:50:39Z">
          <reporter-output>
          </reporter-output>
        </test-method> <!-- afterTest -->
      </class> <!-- com.maven.sample.SeleniumBase -->
    </test> <!-- Default test -->
  </suite> <!-- Default suite -->
</testng-results>
