<?xml version="1.0" encoding="UTF-8"?>
<testng-results skipped="0" failed="0" ignored="0" total="1" passed="1">
  <reporter-output>
  </reporter-output>
  <suite name="Default suite" duration-ms="11022" started-at="2018-06-28T06:45:29Z" finished-at="2018-06-28T06:45:40Z">
    <groups>
    </groups>
    <test name="Default test" duration-ms="11022" started-at="2018-06-28T06:45:29Z" finished-at="2018-06-28T06:45:40Z">
      <class name="utils.Otp">
        <test-method status="PASS" signature="testSeleniumBase()[pri:0, instance:utils.Otp@2f0a87b3]" name="testSeleniumBase" is-config="true" duration-ms="1361" started-at="2018-06-28T06:45:29Z" finished-at="2018-06-28T06:45:30Z">
          <reporter-output>
          </reporter-output>
        </test-method> <!-- testSeleniumBase -->
        <test-method status="PASS" signature="demo()[pri:0, instance:utils.Otp@2f0a87b3]" name="demo" duration-ms="9641" started-at="2018-06-28T06:45:30Z" finished-at="2018-06-28T06:45:40Z">
          <reporter-output>
          </reporter-output>
        </test-method> <!-- demo -->
      </class> <!-- utils.Otp -->
    </test> <!-- Default test -->
  </suite> <!-- Default suite -->
</testng-results>
