<?xml version="1.0" encoding="UTF-8"?>
<testng-results skipped="0" failed="0" ignored="0" total="1" passed="1">
  <reporter-output>
  </reporter-output>
  <suite name="Default suite" duration-ms="5394" started-at="2018-06-11T12:54:08Z" finished-at="2018-06-11T12:54:13Z">
    <groups>
    </groups>
    <test name="Default test" duration-ms="5394" started-at="2018-06-11T12:54:08Z" finished-at="2018-06-11T12:54:13Z">
      <class name="com.maven.sample.Practice1">
        <test-method status="PASS" signature="testSeleniumBase()[pri:0, instance:com.maven.sample.Practice1@78186a70]" name="testSeleniumBase" is-config="true" duration-ms="1441" started-at="2018-06-11T12:54:08Z" finished-at="2018-06-11T12:54:09Z">
          <reporter-output>
          </reporter-output>
        </test-method> <!-- testSeleniumBase -->
        <test-method status="PASS" signature="demo()[pri:0, instance:com.maven.sample.Practice1@78186a70]" name="demo" duration-ms="3934" started-at="2018-06-11T12:54:09Z" finished-at="2018-06-11T12:54:13Z">
          <reporter-output>
          </reporter-output>
        </test-method> <!-- demo -->
      </class> <!-- com.maven.sample.Practice1 -->
    </test> <!-- Default test -->
  </suite> <!-- Default suite -->
</testng-results>
