<?xml version="1.0" encoding="UTF-8"?>
<testng-results skipped="0" failed="0" total="1" passed="1">
  <reporter-output>
  </reporter-output>
  <suite name="Default suite" duration-ms="54444" started-at="2019-05-22T12:51:05Z" finished-at="2019-05-22T12:51:59Z">
    <groups>
    </groups>
    <test name="Default test" duration-ms="54444" started-at="2019-05-22T12:51:05Z" finished-at="2019-05-22T12:51:59Z">
      <class name="appium.AppiumPractice">
        <test-method status="PASS" signature="aTestBase()[pri:0, instance:appium.AppiumPractice@1e67b872]" name="aTestBase" is-config="true" duration-ms="54413" started-at="2019-05-22T18:21:05Z" finished-at="2019-05-22T18:21:59Z">
          <reporter-output>
          </reporter-output>
        </test-method> <!-- aTestBase -->
        <test-method status="PASS" signature="practice()[pri:0, instance:appium.AppiumPractice@1e67b872]" name="practice" duration-ms="8" started-at="2019-05-22T18:21:59Z" finished-at="2019-05-22T18:21:59Z">
          <reporter-output>
          </reporter-output>
        </test-method> <!-- practice -->
      </class> <!-- appium.AppiumPractice -->
    </test> <!-- Default test -->
  </suite> <!-- Default suite -->
</testng-results>
