<?xml version="1.0" encoding="UTF-8"?>
<testng-results skipped="0" failed="0" ignored="0" total="1" passed="1">
  <reporter-output>
  </reporter-output>
  <suite name="Default suite" duration-ms="1375" started-at="2018-04-27T08:36:08Z" finished-at="2018-04-27T08:36:10Z">
    <groups>
    </groups>
    <test name="Default test" duration-ms="1375" started-at="2018-04-27T08:36:08Z" finished-at="2018-04-27T08:36:10Z">
      <class name="com.maven.sample.Practice3">
        <test-method status="PASS" signature="testSeleniumBase()[pri:0, instance:com.maven.sample.Practice3@32eebfca]" name="testSeleniumBase" is-config="true" duration-ms="1345" started-at="2018-04-27T08:36:08Z" finished-at="2018-04-27T08:36:09Z">
          <reporter-output>
          </reporter-output>
        </test-method> <!-- testSeleniumBase -->
        <test-method status="PASS" signature="test()[pri:0, instance:com.maven.sample.Practice3@32eebfca]" name="test" duration-ms="9" started-at="2018-04-27T08:36:09Z" finished-at="2018-04-27T08:36:09Z">
          <reporter-output>
          </reporter-output>
        </test-method> <!-- test -->
      </class> <!-- com.maven.sample.Practice3 -->
    </test> <!-- Default test -->
  </suite> <!-- Default suite -->
</testng-results>
