<?xml version="1.0" encoding="UTF-8"?>
<testng-results skipped="0" failed="0" total="1" passed="1">
  <reporter-output>
  </reporter-output>
  <suite name="Default suite" duration-ms="21526" started-at="2019-06-27T07:28:23Z" finished-at="2019-06-27T07:28:45Z">
    <groups>
    </groups>
    <test name="Default test" duration-ms="21526" started-at="2019-06-27T07:28:23Z" finished-at="2019-06-27T07:28:45Z">
      <class name="com.maven.sample.Practice3">
        <test-method status="PASS" signature="a()[pri:1, instance:com.maven.sample.Practice3@73f792cf]" name="a" duration-ms="21490" started-at="2019-06-27T12:58:23Z" finished-at="2019-06-27T12:58:45Z">
          <reporter-output>
          </reporter-output>
        </test-method> <!-- a -->
      </class> <!-- com.maven.sample.Practice3 -->
    </test> <!-- Default test -->
  </suite> <!-- Default suite -->
</testng-results>
