<?xml version="1.0" encoding="UTF-8"?>
<testng-results skipped="0" failed="0" ignored="0" total="1" passed="1">
  <reporter-output>
  </reporter-output>
  <suite name="Default suite" duration-ms="55" started-at="2018-06-06T04:56:53Z" finished-at="2018-06-06T04:56:53Z">
    <groups>
    </groups>
    <test name="Default test" duration-ms="55" started-at="2018-06-06T04:56:53Z" finished-at="2018-06-06T04:56:53Z">
      <class name="com.maven.sample.Practice2">
        <test-method status="PASS" signature="c()[pri:0, instance:com.maven.sample.Practice2@28ac3dc3]" name="c" is-config="true" duration-ms="11" started-at="2018-06-06T04:56:53Z" finished-at="2018-06-06T04:56:53Z">
          <reporter-output>
          </reporter-output>
        </test-method> <!-- c -->
        <test-method status="PASS" signature="b()[pri:0, instance:com.maven.sample.Practice2@28ac3dc3]" name="b" is-config="true" duration-ms="1" started-at="2018-06-06T04:56:53Z" finished-at="2018-06-06T04:56:53Z">
          <reporter-output>
          </reporter-output>
        </test-method> <!-- b -->
        <test-method status="PASS" signature="a()[pri:0, instance:com.maven.sample.Practice2@28ac3dc3]" name="a" duration-ms="12" started-at="2018-06-06T04:56:53Z" finished-at="2018-06-06T04:56:53Z">
          <reporter-output>
          </reporter-output>
        </test-method> <!-- a -->
        <test-method status="PASS" signature="e()[pri:0, instance:com.maven.sample.Practice2@28ac3dc3]" name="e" is-config="true" duration-ms="1" started-at="2018-06-06T04:56:53Z" finished-at="2018-06-06T04:56:53Z">
          <reporter-output>
          </reporter-output>
        </test-method> <!-- e -->
        <test-method status="PASS" signature="d()[pri:0, instance:com.maven.sample.Practice2@28ac3dc3]" name="d" is-config="true" duration-ms="1" started-at="2018-06-06T04:56:53Z" finished-at="2018-06-06T04:56:53Z">
          <reporter-output>
          </reporter-output>
        </test-method> <!-- d -->
      </class> <!-- com.maven.sample.Practice2 -->
    </test> <!-- Default test -->
  </suite> <!-- Default suite -->
</testng-results>
