<?xml version="1.0" encoding="UTF-8"?>
<testng-results skipped="0" failed="0" ignored="0" total="1" passed="1">
  <reporter-output>
  </reporter-output>
  <suite name="Default suite" duration-ms="18339" started-at="2018-04-17T07:38:45Z" finished-at="2018-04-17T07:39:03Z">
    <groups>
    </groups>
    <test name="Default test" duration-ms="18339" started-at="2018-04-17T07:38:45Z" finished-at="2018-04-17T07:39:03Z">
      <class name="com.maven.sample.Practice1">
        <test-method status="PASS" signature="testSeleniumBase()[pri:0, instance:com.maven.sample.Practice1@5891e32e]" name="testSeleniumBase" is-config="true" duration-ms="1315" started-at="2018-04-17T07:38:45Z" finished-at="2018-04-17T07:38:46Z">
          <reporter-output>
          </reporter-output>
        </test-method> <!-- testSeleniumBase -->
        <test-method status="PASS" signature="testSel()[pri:0, instance:com.maven.sample.Practice1@5891e32e]" name="testSel" duration-ms="13915" started-at="2018-04-17T07:38:46Z" finished-at="2018-04-17T07:39:00Z">
          <reporter-output>
          </reporter-output>
        </test-method> <!-- testSel -->
        <test-method status="PASS" signature="afterTest()[pri:0, instance:com.maven.sample.Practice1@5891e32e]" name="afterTest" is-config="true" duration-ms="3087" started-at="2018-04-17T07:39:00Z" finished-at="2018-04-17T07:39:03Z">
          <reporter-output>
          </reporter-output>
        </test-method> <!-- afterTest -->
      </class> <!-- com.maven.sample.Practice1 -->
    </test> <!-- Default test -->
  </suite> <!-- Default suite -->
</testng-results>
