<?xml version="1.0" encoding="UTF-8"?>
<testng-results skipped="0" failed="0" ignored="0" total="1" passed="1">
  <reporter-output>
  </reporter-output>
  <suite name="Default suite" duration-ms="10920" started-at="2018-05-08T12:00:24Z" finished-at="2018-05-08T12:00:35Z">
    <groups>
    </groups>
    <test name="Default test" duration-ms="10920" started-at="2018-05-08T12:00:24Z" finished-at="2018-05-08T12:00:35Z">
      <class name="com.maven.sample.Practice3">
        <test-method status="PASS" signature="testSeleniumBase()[pri:0, instance:com.maven.sample.Practice3@7403c468]" name="testSeleniumBase" is-config="true" duration-ms="1552" started-at="2018-05-08T12:00:24Z" finished-at="2018-05-08T12:00:26Z">
          <reporter-output>
          </reporter-output>
        </test-method> <!-- testSeleniumBase -->
        <test-method status="PASS" signature="demo()[pri:0, instance:com.maven.sample.Practice3@7403c468]" name="demo" duration-ms="9348" started-at="2018-05-08T12:00:26Z" finished-at="2018-05-08T12:00:35Z">
          <reporter-output>
          </reporter-output>
        </test-method> <!-- demo -->
      </class> <!-- com.maven.sample.Practice3 -->
    </test> <!-- Default test -->
  </suite> <!-- Default suite -->
</testng-results>
