<?xml version="1.0" encoding="UTF-8"?>
<testng-results skipped="0" failed="0" ignored="0" total="1" passed="1">
  <reporter-output>
  </reporter-output>
  <suite name="Default suite" duration-ms="45" started-at="2018-05-12T12:39:21Z" finished-at="2018-05-12T12:39:21Z">
    <groups>
    </groups>
    <test name="Default test" duration-ms="45" started-at="2018-05-12T12:39:21Z" finished-at="2018-05-12T12:39:21Z">
      <class name="com.maven.sample.Practice1">
        <test-method status="PASS" signature="test()[pri:0, instance:com.maven.sample.Practice1@b7dd107]" name="test" duration-ms="20" started-at="2018-05-12T12:39:21Z" finished-at="2018-05-12T12:39:21Z">
          <reporter-output>
          </reporter-output>
        </test-method> <!-- test -->
      </class> <!-- com.maven.sample.Practice1 -->
    </test> <!-- Default test -->
  </suite> <!-- Default suite -->
</testng-results>
