<?xml version="1.0" encoding="UTF-8"?>
<testng-results skipped="0" failed="0" ignored="0" total="2" passed="2">
  <reporter-output>
  </reporter-output>
  <suite name="Default suite" duration-ms="607" started-at="2018-04-19T10:08:18Z" finished-at="2018-04-19T10:08:19Z">
    <groups>
    </groups>
    <test name="Default test" duration-ms="607" started-at="2018-04-19T10:08:18Z" finished-at="2018-04-19T10:08:19Z">
      <class name="datadriven.DataProviderTest">
        <test-method status="PASS" signature="testDataProvider(java.lang.String, java.lang.String, java.lang.String)[pri:0, instance:datadriven.DataProviderTest@b7dd107]" name="testDataProvider" duration-ms="9" started-at="2018-04-19T10:08:19Z" data-provider="getData" finished-at="2018-04-19T10:08:19Z">
          <params>
            <param index="0">
              <value>
                <![CDATA[rakesh]]>
              </value>
            </param>
            <param index="1">
              <value>
                <![CDATA[123456]]>
              </value>
            </param>
            <param index="2">
              <value>
                <![CDATA[india]]>
              </value>
            </param>
          </params>
          <reporter-output>
          </reporter-output>
        </test-method> <!-- testDataProvider -->
        <test-method status="PASS" signature="testDataProvider(java.lang.String, java.lang.String, java.lang.String)[pri:0, instance:datadriven.DataProviderTest@b7dd107]" name="testDataProvider" duration-ms="2" started-at="2018-04-19T10:08:19Z" data-provider="getData" finished-at="2018-04-19T10:08:19Z">
          <params>
            <param index="0">
              <value>
                <![CDATA[sathish]]>
              </value>
            </param>
            <param index="1">
              <value>
                <![CDATA[654321]]>
              </value>
            </param>
            <param index="2">
              <value>
                <![CDATA[america]]>
              </value>
            </param>
          </params>
          <reporter-output>
          </reporter-output>
        </test-method> <!-- testDataProvider -->
      </class> <!-- datadriven.DataProviderTest -->
    </test> <!-- Default test -->
  </suite> <!-- Default suite -->
</testng-results>
